<?xml version="1.0" encoding="UTF-8"?>
<!-- Generated by org.testng.reporters.JUnitReportReporter -->
<testsuite hostname="DESKTOP-SEE9OFQ" failures="0" tests="1" name="com.iween.testCases.TCH_01_VerifySearchFunctionalityForHotalForTwoDays" time="54.655" errors="0" timestamp="2025-08-01T11:57:34 IST" skipped="0">
  <testcase classname="com.iween.testCases.TCH_01_VerifySearchFunctionalityForHotalForTwoDays" name="myTest" time="54.655"/>
</testsuite> <!-- com.iween.testCases.TCH_01_VerifySearchFunctionalityForHotalForTwoDays -->
