<?xml version="1.0" encoding="UTF-8"?>
<!-- Generated by org.testng.reporters.JUnitReportReporter -->
<testsuite hostname="DESKTOP-SEE9OFQ" failures="0" tests="2" name="com.iween.utilities.docker" time="20.044" errors="0" timestamp="2025-07-30T23:57:19 IST" skipped="0">
  <testcase classname="com.iween.utilities.docker" name="startDockerGrid" time="15.027"/>
  <testcase classname="com.iween.utilities.docker" name="stopDockerGrid" time="5.017"/>
</testsuite> <!-- com.iween.utilities.docker -->
