<?xml version="1.0" encoding="UTF-8"?>
<!-- Generated by org.testng.reporters.JUnitReportReporter -->
<testsuite hostname="DESKTOP-SEE9OFQ" failures="0" tests="1" name="com.iween.testCases.TC_02_AjayModi_Login1" time="5.004" errors="0" timestamp="2025-07-31T18:29:54 IST" skipped="0">
  <testcase classname="com.iween.testCases.TC_02_AjayModi_Login1" name="bookingProcess" time="5.004"/>
</testsuite> <!-- com.iween.testCases.TC_02_AjayModi_Login1 -->
