<?xml version="1.0" encoding="UTF-8"?>
<!-- Generated by org.testng.reporters.JUnitReportReporter -->
<testsuite hostname="DESKTOP-SEE9OFQ" failures="0" tests="1" name="com.iween.testCases.TC_03_AjayModi_Login3" time="4.914" errors="0" timestamp="2025-07-31T18:29:54 IST" skipped="0">
  <testcase classname="com.iween.testCases.TC_03_AjayModi_Login3" name="bookingProcess" time="4.914"/>
</testsuite> <!-- com.iween.testCases.TC_03_AjayModi_Login3 -->
