<?xml version="1.0" encoding="UTF-8"?>
<!-- Generated by org.testng.reporters.JUnitReportReporter -->
<testsuite hostname="DESKTOP-SEE9OFQ" failures="0" tests="4" name="com.iween.testCases.TC_01_VerifySearchToBookingFlow" time="34.949" errors="0" timestamp="2025-07-31T16:13:05 IST" skipped="0">
  <testcase classname="com.iween.testCases.TC_01_VerifySearchToBookingFlow" name="myTest" time="8.613"/>
  <testcase classname="com.iween.testCases.TC_01_VerifySearchToBookingFlow" name="myTest" time="8.795"/>
  <testcase classname="com.iween.testCases.TC_01_VerifySearchToBookingFlow" name="myTest" time="9.293"/>
  <testcase classname="com.iween.testCases.TC_01_VerifySearchToBookingFlow" name="myTest" time="8.248"/>
</testsuite> <!-- com.iween.testCases.TC_01_VerifySearchToBookingFlow -->
