<?xml version="1.0" encoding="UTF-8"?>
<!-- Generated by org.testng.reporters.JUnitReportReporter -->
<testsuite hostname="DESKTOP-SEE9OFQ" failures="0" tests="1" name="com.iween.testCases.TC_01_AjayModi_Login" time="50.664" errors="0" timestamp="2025-07-31T12:54:34 IST" skipped="0">
  <testcase classname="com.iween.testCases.TC_01_AjayModi_Login" name="bookingProcess" time="50.664"/>
</testsuite> <!-- com.iween.testCases.TC_01_AjayModi_Login -->
